<?xml version="1.0" encoding="UTF-8"?>
<testng-results ignored="0" total="1" passed="1" failed="0" skipped="0">
  <reporter-output>
  </reporter-output>
  <suite started-at="2022-03-14T18:05:07 IST" name="Default suite" finished-at="2022-03-14T18:05:42 IST" duration-ms="34379">
    <groups>
    </groups>
    <test started-at="2022-03-14T18:05:07 IST" name="Default test" finished-at="2022-03-14T18:05:42 IST" duration-ms="34379">
      <class name="TestCases.TC_02_FacebookTest">
        <test-method is-config="true" signature="setup()[pri:0, instance:TestCases.TC_02_FacebookTest@7a69b07]" started-at="2022-03-14T18:05:08 IST" name="setup" finished-at="2022-03-14T18:05:31 IST" duration-ms="23786" status="PASS">
          <reporter-output>
          </reporter-output>
        </test-method> <!-- setup -->
        <test-method signature="goToFacebook()[pri:0, instance:TestCases.TC_02_FacebookTest@7a69b07]" started-at="2022-03-14T18:05:31 IST" name="goToFacebook" finished-at="2022-03-14T18:05:42 IST" duration-ms="10452" status="PASS">
          <reporter-output>
          </reporter-output>
        </test-method> <!-- goToFacebook -->
      </class> <!-- TestCases.TC_02_FacebookTest -->
    </test> <!-- Default test -->
  </suite> <!-- Default suite -->
</testng-results>
