<?xml version="1.0" encoding="UTF-8"?>
<testng-results ignored="0" total="2" passed="2" failed="0" skipped="0">
  <reporter-output>
  </reporter-output>
  <suite started-at="2022-03-10T19:57:06 IST" name="Default suite" finished-at="2022-03-10T19:58:22 IST" duration-ms="75961">
    <groups>
    </groups>
    <test started-at="2022-03-10T19:57:06 IST" name="Default test" finished-at="2022-03-10T19:58:22 IST" duration-ms="75961">
      <class name="TestCases.TC_01_SigIn">
        <test-method is-config="true" signature="setup()[pri:0, instance:TestCases.TC_01_SigIn@12e61fe6]" started-at="2022-03-10T19:57:06 IST" name="setup" finished-at="2022-03-10T19:57:34 IST" duration-ms="28261" status="PASS">
          <reporter-output>
          </reporter-output>
        </test-method> <!-- setup -->
        <test-method signature="loadHomePage()[pri:1, instance:TestCases.TC_01_SigIn@12e61fe6]" started-at="2022-03-10T19:57:35 IST" name="loadHomePage" finished-at="2022-03-10T19:57:56 IST" duration-ms="21283" status="PASS">
          <reporter-output>
          </reporter-output>
        </test-method> <!-- loadHomePage -->
        <test-method signature="onSignInPage()[pri:2, instance:TestCases.TC_01_SigIn@12e61fe6]" started-at="2022-03-10T19:57:56 IST" name="onSignInPage" finished-at="2022-03-10T19:58:21 IST" duration-ms="25566" status="PASS">
          <reporter-output>
          </reporter-output>
        </test-method> <!-- onSignInPage -->
        <test-method is-config="true" signature="tearDown()[pri:0, instance:TestCases.TC_01_SigIn@12e61fe6]" started-at="2022-03-10T19:58:21 IST" name="tearDown" finished-at="2022-03-10T19:58:22 IST" duration-ms="663" status="PASS">
          <reporter-output>
          </reporter-output>
        </test-method> <!-- tearDown -->
      </class> <!-- TestCases.TC_01_SigIn -->
    </test> <!-- Default test -->
  </suite> <!-- Default suite -->
</testng-results>
